
> api-gateway@1.0.0 dev
> nodemon src/index.js

[33m[nodemon] 3.1.11[39m
[33m[nodemon] to restart at any time, enter `rs`[39m
[33m[nodemon] watching path(s): *.*[39m
[33m[nodemon] watching extensions: js,mjs,cjs,json[39m
[32m[nodemon] starting `node src/index.js`[39m
API Gateway running on port 3001
Environment: development
AI Service URL: http://localhost:8000
[0mOPTIONS /api/products [32m204[0m 1.192 ms - 0[0m
[0mGET /api/products [36m304[0m 2.820 ms - -[0m
[0mOPTIONS /api/products [32m204[0m 0.106 ms - 0[0m
[0mOPTIONS /api/products [32m204[0m 0.064 ms - 0[0m
[0mGET /api/products [36m304[0m 1.035 ms - -[0m
[0mGET /api/products [36m304[0m 0.469 ms - -[0m
[0mOPTIONS /api/chat [32m204[0m 0.225 ms - 0[0m
[0mPOST /api/chat [32m200[0m 14618.311 ms - 1814[0m
[0mOPTIONS /api/products?category=formal [32m204[0m 0.259 ms - 0[0m
[0mGET /api/products?category=formal [32m200[0m 0.773 ms - 1598[0m
[0mOPTIONS /api/chat [32m204[0m 0.084 ms - 0[0m
[0mPOST /api/chat [32m200[0m 2038.799 ms - 313[0m
